# JRE version: Java(TM) SE Runtime Environment (8.0_161-b12) (build 1.8.0_161-b12)
# Java VM: Java HotSpot(TM) Client VM (25.161-b12 mixed mode windows-x86 )
Heap:
 def new generation   total 4928K, used 3876K [0x03e00000, 0x04350000, 0x09350000)
  eden space 4416K,  76% used [0x03e00000, 0x04149390, 0x04250000)
  from space 512K, 100% used [0x042d0000, 0x04350000, 0x04350000)
  to   space 512K,   0% used [0x04250000, 0x04250000, 0x042d0000)
 tenured generation   total 10944K, used 1543K [0x09350000, 0x09e00000, 0x13e00000)
   the space 10944K,  14% used [0x09350000, 0x094d1ff0, 0x094d2000, 0x09e00000)
 Metaspace       used 7399K, capacity 7569K, committed 7680K, reserved 8576K
GC Heap History (6 events):
Event: 0.280 GC heap before
{Heap before GC invocations=0 (full 0):
 def new generation   total 4928K, used 4416K [0x03e00000, 0x04350000, 0x09350000)
  eden space 4416K, 100% used [0x03e00000, 0x04250000, 0x04250000)
  from space 512K,   0% used [0x04250000, 0x04250000, 0x042d0000)
  to   space 512K,   0% used [0x042d0000, 0x042d0000, 0x04350000)
 tenured generation   total 10944K, used 0K [0x09350000, 0x09e00000, 0x13e00000)
   the space 10944K,   0% used [0x09350000, 0x09350000, 0x09350200, 0x09e00000)
 Metaspace       used 2692K, capacity 2702K, committed 2752K, reserved 4480K
Event: 0.282 GC heap after
Heap after GC invocations=1 (full 0):
 def new generation   total 4928K, used 512K [0x03e00000, 0x04350000, 0x09350000)
  eden space 4416K,   0% used [0x03e00000, 0x03e00000, 0x04250000)
  from space 512K, 100% used [0x042d0000, 0x04350000, 0x04350000)
  to   space 512K,   0% used [0x04250000, 0x04250000, 0x042d0000)
 tenured generation   total 10944K, used 604K [0x09350000, 0x09e00000, 0x13e00000)
   the space 10944K,   5% used [0x09350000, 0x093e7018, 0x093e7200, 0x09e00000)
 Metaspace       used 2692K, capacity 2702K, committed 2752K, reserved 4480K
}
Event: 0.446 GC heap before
{Heap before GC invocations=1 (full 0):
 def new generation   total 4928K, used 4928K [0x03e00000, 0x04350000, 0x09350000)
  eden space 4416K, 100% used [0x03e00000, 0x04250000, 0x04250000)
  from space 512K, 100% used [0x042d0000, 0x04350000, 0x04350000)
  to   space 512K,   0% used [0x04250000, 0x04250000, 0x042d0000)
 tenured generation   total 10944K, used 604K [0x09350000, 0x09e00000, 0x13e00000)
   the space 10944K,   5% used [0x09350000, 0x093e7018, 0x093e7200, 0x09e00000)
 Metaspace       used 3771K, capacity 3790K, committed 3904K, reserved 4480K
Event: 0.447 GC heap after
Heap after GC invocations=2 (full 0):
 def new generation   total 4928K, used 117K [0x03e00000, 0x04350000, 0x09350000)
  eden space 4416K,   0% used [0x03e00000, 0x03e00000, 0x04250000)
  from space 512K,  22% used [0x04250000, 0x0426d6e0, 0x042d0000)
  to   space 512K,   0% used [0x042d0000, 0x042d0000, 0x04350000)
 tenured generation   total 10944K, used 1112K [0x09350000, 0x09e00000, 0x13e00000)
   the space 10944K,  10% used [0x09350000, 0x09466388, 0x09466400, 0x09e00000)
 Metaspace       used 3771K, capacity 3790K, committed 3904K, reserved 4480K
}
Event: 0.986 GC heap before
{Heap before GC invocations=2 (full 0):
 def new generation   total 4928K, used 4533K [0x03e00000, 0x04350000, 0x09350000)
  eden space 4416K, 100% used [0x03e00000, 0x04250000, 0x04250000)
  from space 512K,  22% used [0x04250000, 0x0426d6e0, 0x042d0000)
  to   space 512K,   0% used [0x042d0000, 0x042d0000, 0x04350000)
 tenured generation   total 10944K, used 1112K [0x09350000, 0x09e00000, 0x13e00000)
   the space 10944K,  10% used [0x09350000, 0x09466388, 0x09466400, 0x09e00000)
 Metaspace       used 6988K, capacity 7153K, committed 7168K, reserved 7552K
Event: 0.989 GC heap after
Heap after GC invocations=3 (full 0):
 def new generation   total 4928K, used 512K [0x03e00000, 0x04350000, 0x09350000)
  eden space 4416K,   0% used [0x03e00000, 0x03e00000, 0x04250000)
  from space 512K, 100% used [0x042d0000, 0x04350000, 0x04350000)
  to   space 512K,   0% used [0x04250000, 0x04250000, 0x042d0000)
 tenured generation   total 10944K, used 1543K [0x09350000, 0x09e00000, 0x13e00000)
   the space 10944K,  14% used [0x09350000, 0x094d1ff0, 0x094d2000, 0x09e00000)
 Metaspace       used 6988K, capacity 7153K, committed 7168K, reserved 7552K
}

